<component name="libraryTable">
  <library name="junit.platform.launcher" type="repository">
    <properties maven-id="org.junit.platform:junit-platform-launcher:1.11.3" />
    <CLASSES>
      <root url="jar://$PROJECT_DIR$/lib/junit-platform-launcher-1.11.3.jar!/" />
      <root url="jar://$PROJECT_DIR$/lib/junit-platform-engine-1.11.3.jar!/" />
      <root url="jar://$PROJECT_DIR$/lib/opentest4j-1.3.0.jar!/" />
      <root url="jar://$PROJECT_DIR$/lib/junit-platform-commons-1.11.3.jar!/" />
      <root url="jar://$PROJECT_DIR$/lib/apiguardian-api-1.1.2.jar!/" />
    </CLASSES>
    <JAVADOC>
      <root url="jar://$PROJECT_DIR$/lib/junit-platform-launcher-1.11.3-javadoc.jar!/" />
      <root url="jar://$PROJECT_DIR$/lib/junit-platform-engine-1.11.3-javadoc.jar!/" />
      <root url="jar://$PROJECT_DIR$/lib/opentest4j-1.3.0-javadoc.jar!/" />
      <root url="jar://$PROJECT_DIR$/lib/junit-platform-commons-1.11.3-javadoc.jar!/" />
      <root url="jar://$PROJECT_DIR$/lib/apiguardian-api-1.1.2-javadoc.jar!/" />
    </JAVADOC>
    <SOURCES>
      <root url="jar://$PROJECT_DIR$/lib/junit-platform-launcher-1.11.3-sources.jar!/" />
      <root url="jar://$PROJECT_DIR$/lib/junit-platform-engine-1.11.3-sources.jar!/" />
      <root url="jar://$PROJECT_DIR$/lib/opentest4j-1.3.0-sources.jar!/" />
      <root url="jar://$PROJECT_DIR$/lib/junit-platform-commons-1.11.3-sources.jar!/" />
      <root url="jar://$PROJECT_DIR$/lib/apiguardian-api-1.1.2-sources.jar!/" />
    </SOURCES>
  </library>
</component>